<?xml version="1.0" encoding="UTF-8"?>
<testsuite xmlns:xsi="http://www.w3.org/2001/XMLSchema-instance" xsi:noNamespaceSchemaLocation="https://maven.apache.org/surefire/maven-surefire-plugin/xsd/surefire-test-report.xsd" name="model.ProductTest" time="0.022" tests="14" errors="0" skipped="0" failures="0">
  <properties>
    <property name="java.specification.version" value="24"/>
    <property name="sun.cpu.isalist" value="amd64"/>
    <property name="sun.jnu.encoding" value="Cp1252"/>
    <property name="java.class.path" value="C:\Users\Abrar Yusuf\OneDrive\Desktop\IoTBay\iotbay\target\test-classes;C:\Users\Abrar Yusuf\OneDrive\Desktop\IoTBay\iotbay\target\classes;C:\Users\Abrar Yusuf\.m2\repository\junit\junit\4.11\junit-4.11.jar;C:\Users\Abrar Yusuf\.m2\repository\org\hamcrest\hamcrest-core\1.3\hamcrest-core-1.3.jar;"/>
    <property name="java.vm.vendor" value="Oracle Corporation"/>
    <property name="sun.arch.data.model" value="64"/>
    <property name="user.variant" value=""/>
    <property name="java.vendor.url" value="https://java.oracle.com/"/>
    <property name="user.timezone" value="Australia/Sydney"/>
    <property name="os.name" value="Windows 11"/>
    <property name="java.vm.specification.version" value="24"/>
    <property name="sun.java.launcher" value="SUN_STANDARD"/>
    <property name="user.country" value="AU"/>
    <property name="sun.boot.library.path" value="C:\Program Files\Java\jdk-24\bin"/>
    <property name="sun.java.command" value="C:\Users\ABRARY~1\AppData\Local\Temp\surefire3948405625164680878\surefirebooter8404879621766451234.jar C:\Users\Abrar Yusuf\AppData\Local\Temp\surefire3948405625164680878 2025-05-12T21-40-52_088-jvmRun1 surefire4852654942095515876tmp surefire_06417096064646801924tmp"/>
    <property name="jdk.debug" value="release"/>
    <property name="surefire.test.class.path" value="C:\Users\Abrar Yusuf\OneDrive\Desktop\IoTBay\iotbay\target\test-classes;C:\Users\Abrar Yusuf\OneDrive\Desktop\IoTBay\iotbay\target\classes;C:\Users\Abrar Yusuf\.m2\repository\junit\junit\4.11\junit-4.11.jar;C:\Users\Abrar Yusuf\.m2\repository\org\hamcrest\hamcrest-core\1.3\hamcrest-core-1.3.jar;"/>
    <property name="sun.cpu.endian" value="little"/>
    <property name="user.home" value="C:\Users\Abrar Yusuf"/>
    <property name="user.language" value="en"/>
    <property name="java.specification.vendor" value="Oracle Corporation"/>
    <property name="java.version.date" value="2025-04-15"/>
    <property name="java.home" value="C:\Program Files\Java\jdk-24"/>
    <property name="file.separator" value="\"/>
    <property name="basedir" value="C:\Users\Abrar Yusuf\OneDrive\Desktop\IoTBay\iotbay"/>
    <property name="java.vm.compressedOopsMode" value="Zero based"/>
    <property name="line.separator" value="&#10;"/>
    <property name="java.vm.specification.vendor" value="Oracle Corporation"/>
    <property name="java.specification.name" value="Java Platform API Specification"/>
    <property name="surefire.real.class.path" value="C:\Users\ABRARY~1\AppData\Local\Temp\surefire3948405625164680878\surefirebooter8404879621766451234.jar"/>
    <property name="user.script" value=""/>
    <property name="sun.management.compiler" value="HotSpot 64-Bit Tiered Compilers"/>
    <property name="java.runtime.version" value="24.0.1+9-30"/>
    <property name="user.name" value="Abrar Yusuf"/>
    <property name="stdout.encoding" value="Cp1252"/>
    <property name="path.separator" value=";"/>
    <property name="os.version" value="10.0"/>
    <property name="java.runtime.name" value="Java(TM) SE Runtime Environment"/>
    <property name="file.encoding" value="UTF-8"/>
    <property name="java.vm.name" value="Java HotSpot(TM) 64-Bit Server VM"/>
    <property name="localRepository" value="C:\Users\Abrar Yusuf\.m2\repository"/>
    <property name="java.vendor.url.bug" value="https://bugreport.java.com/bugreport/"/>
    <property name="java.io.tmpdir" value="C:\Users\ABRARY~1\AppData\Local\Temp\"/>
    <property name="java.version" value="24.0.1"/>
    <property name="user.dir" value="C:\Users\Abrar Yusuf\OneDrive\Desktop\IoTBay\iotbay"/>
    <property name="os.arch" value="amd64"/>
    <property name="java.vm.specification.name" value="Java Virtual Machine Specification"/>
    <property name="sun.os.patch.level" value=""/>
    <property name="native.encoding" value="Cp1252"/>
    <property name="java.library.path" value="C:\Program Files\Java\jdk-24\bin;C:\WINDOWS\Sun\Java\bin;C:\WINDOWS\system32;C:\WINDOWS;C:\Program Files\Common Files\Oracle\Java\javapath;C:\WINDOWS\system32;C:\WINDOWS;C:\WINDOWS\System32\Wbem;C:\WINDOWS\System32\WindowsPowerShell\v1.0\;C:\WINDOWS\System32\OpenSSH\;C:\Program Files\Git\cmd;C:\Program Files\nodejs\;C:\Program Files\Docker\Docker\resources\bin;C:\Program Files\dotnet\;C:\maven\bin;C:\Users\Abrar Yusuf\AppData\Local\Microsoft\WindowsApps;C:\Users\Abrar Yusuf\AppData\Local\Programs\Microsoft VS Code\bin;C:\Users\Abrar Yusuf\AppData\Local\GitHubDesktop\bin;C:\Users\Abrar Yusuf\AppData\Roaming\npm;;."/>
    <property name="java.vm.info" value="mixed mode, sharing"/>
    <property name="stderr.encoding" value="Cp1252"/>
    <property name="java.vendor" value="Oracle Corporation"/>
    <property name="java.vm.version" value="24.0.1+9-30"/>
    <property name="sun.io.unicode.encoding" value="UnicodeLittle"/>
    <property name="java.class.version" value="68.0"/>
  </properties>
  <testcase name="testGetPrice" classname="model.ProductTest" time="0.001"/>
  <testcase name="testSetFavourited" classname="model.ProductTest" time="0"/>
  <testcase name="testSetDescription" classname="model.ProductTest" time="0"/>
  <testcase name="testIsFavourited" classname="model.ProductTest" time="0"/>
  <testcase name="testGetName" classname="model.ProductTest" time="0"/>
  <testcase name="testGetProductID" classname="model.ProductTest" time="0"/>
  <testcase name="testSetQuantity" classname="model.ProductTest" time="0"/>
  <testcase name="testGetQuantity" classname="model.ProductTest" time="0"/>
  <testcase name="testSetImageUrl" classname="model.ProductTest" time="0.001"/>
  <testcase name="testGetImageUrl" classname="model.ProductTest" time="0"/>
  <testcase name="testGetDescription" classname="model.ProductTest" time="0"/>
  <testcase name="testSetProductID" classname="model.ProductTest" time="0"/>
  <testcase name="testSetName" classname="model.ProductTest" time="0"/>
  <testcase name="testSetPrice" classname="model.ProductTest" time="0"/>
</testsuite>